<?xml version="1.0" encoding="UTF-8"?>
<!-- Generated by org.testng.reporters.JUnitXMLReporter -->
<testsuite ignored="0" hostname="DESKTOP-2232NQT" failures="0" tests="4" name="Default test" time="28.345" errors="0" timestamp="2022-05-10T13:24:13 IST">
  <testcase classname="samplePackage.NewTestClass" name="f" time="7.594"/>
  <testcase classname="samplePackage.NewTestClass" name="test2" time="7.712"/>
  <testcase classname="samplePackage.NewTestClass" name="test3" time="8.566"/>
  <testcase classname="samplePackage.NewTestClass" name="test4" time="4.382"/>
</testsuite> <!-- Default test -->
