<?xml version="1.0" encoding="UTF-8"?>
<!-- Generated by org.testng.reporters.JUnitXMLReporter -->
<testsuite ignored="2" hostname="DESKTOP-2232NQT" failures="0" tests="1" name="GRP-tescgfghf" time="0.106" errors="0" timestamp="2022-05-10T12:10:42 IST">
  <testcase classname="samplePackage.NewClass" name="f" time="0.016"/>
  <testcase classname="samplePackage.NewClass" name="v" time="0.0">
    <ignored/>
  </testcase> <!-- v -->
  <testcase classname="samplePackage.NewClass" name="a" time="0.0">
    <ignored/>
  </testcase> <!-- a -->
</testsuite> <!-- GRP-tescgfghf -->
