<?xml version="1.0" encoding="UTF-8"?>
<testng-results ignored="0" total="4" passed="4" failed="0" skipped="0">
  <reporter-output>
  </reporter-output>
  <suite started-at="2022-05-10T13:23:44 IST" name="Default suite" finished-at="2022-05-10T13:24:13 IST" duration-ms="28345">
    <groups>
    </groups>
    <test started-at="2022-05-10T13:23:44 IST" name="Default test" finished-at="2022-05-10T13:24:13 IST" duration-ms="28345">
      <class name="samplePackage.NewTestClass">
        <test-method signature="f()[pri:1, instance:samplePackage.NewTestClass@52102734]" started-at="2022-05-10T13:23:45 IST" name="f" finished-at="2022-05-10T13:23:52 IST" duration-ms="7594" status="PASS">
          <reporter-output>
          </reporter-output>
        </test-method> <!-- f -->
        <test-method signature="test2()[pri:2, instance:samplePackage.NewTestClass@52102734]" started-at="2022-05-10T13:23:52 IST" name="test2" finished-at="2022-05-10T13:24:00 IST" duration-ms="7712" status="PASS">
          <reporter-output>
          </reporter-output>
        </test-method> <!-- test2 -->
        <test-method signature="test3()[pri:3, instance:samplePackage.NewTestClass@52102734]" started-at="2022-05-10T13:24:00 IST" name="test3" finished-at="2022-05-10T13:24:08 IST" duration-ms="8566" status="PASS">
          <reporter-output>
          </reporter-output>
        </test-method> <!-- test3 -->
        <test-method signature="test4()[pri:4, instance:samplePackage.NewTestClass@52102734]" started-at="2022-05-10T13:24:08 IST" name="test4" finished-at="2022-05-10T13:24:13 IST" duration-ms="4382" status="PASS">
          <reporter-output>
          </reporter-output>
        </test-method> <!-- test4 -->
      </class> <!-- samplePackage.NewTestClass -->
    </test> <!-- Default test -->
  </suite> <!-- Default suite -->
</testng-results>
